#
# A fatal error has been detected by the Java Runtime Environment:
#
#  EXCEPTION_ACCESS_VIOLATION (0xc0000005) at pc=0x00007fff807f1f8b, pid=35016, tid=27540
#
# JRE version: OpenJDK Runtime Environment Temurin-17.0.6+10 (17.0.6+10) (build 17.0.6+10)
# Java VM: OpenJDK 64-Bit Server VM Temurin-17.0.6+10 (17.0.6+10, mixed mode, tiered, compressed oops, compressed class ptrs, parallel gc, windows-amd64)
# Problematic frame:
# V  [jvm.dll+0x591f8b]
#
# No core dump will be written. Minidumps are not enabled by default on client versions of Windows
#
# If you would like to submit a bug report, please visit:
#   https://github.com/adoptium/adoptium-support/issues
#

---------------  S U M M A R Y ------------

Command Line: --add-modules=ALL-SYSTEM --add-opens=java.base/java.util=ALL-UNNAMED --add-opens=java.base/java.lang=ALL-UNNAMED --add-opens=java.base/sun.nio.fs=ALL-UNNAMED -Declipse.application=org.eclipse.jdt.ls.core.id1 -Dosgi.bundles.defaultStartLevel=4 -Declipse.product=org.eclipse.jdt.ls.core.product -Djava.import.generatesMetadataFilesAtProjectRoot=false -Dfile.encoding=utf8 -XX:+UseParallelGC -XX:GCTimeRatio=4 -XX:AdaptiveSizePolicyWeight=90 -Dsun.zip.disableMemoryMapping=true -Xmx1G -Xms100m -Xlog:disable -javaagent:c:\Users\Carla\.vscode\extensions\redhat.java-1.15.0-win32-x64\lombok\lombok-1.18.24.jar -XX:+HeapDumpOnOutOfMemoryError -XX:HeapDumpPath=c:\Users\Carla\AppData\Roaming\Code\User\workspaceStorage\4372a8fec783f0c06e941303ea2ce100\redhat.java c:\Users\Carla\.vscode\extensions\redhat.java-1.15.0-win32-x64\server\plugins\org.eclipse.equinox.launcher_1.6.400.v20210924-0641.jar -configuration c:\Users\Carla\AppData\Roaming\Code\User\globalStorage\redhat.java\1.15.0\config_win -data c:\Users\Carla\AppData\Roaming\Code\User\workspaceStorage\4372a8fec783f0c06e941303ea2ce100\redhat.java\jdt_ws

Host: Intel(R) Core(TM) i5-L16G7 CPU @ 1.40GHz, 5 cores, 7G,  Windows 11 , 64 bit Build 22000 (10.0.22000.1516)
Time: Sun Mar  5 15:04:46 2023 Hora Padrão de Buenos Aires elapsed time: 739.530783 seconds (0d 0h 12m 19s)

---------------  T H R E A D  ---------------

Current thread (0x0000022bb4193890):  JavaThread "C2 CompilerThread0" daemon [_thread_in_native, id=27540, stack(0x00000096d4c00000,0x00000096d4d00000)]


Current CompileTask:
C2: 739530 16987       4       org.eclipse.jdt.internal.compiler.lookup.Scope::getTypeOrPackage (1692 bytes)

Stack: [0x00000096d4c00000,0x00000096d4d00000],  sp=0x00000096d4cfa520,  free space=1001k
Native frames: (J=compiled Java code, j=interpreted, Vv=VM code, C=native code)
V  [jvm.dll+0x591f8b]
V  [jvm.dll+0x59196b]
V  [jvm.dll+0x57e633]
V  [jvm.dll+0x220812]
V  [jvm.dll+0x220bef]
V  [jvm.dll+0x21a445]
V  [jvm.dll+0x21790b]
V  [jvm.dll+0x1a3d0d]
V  [jvm.dll+0x22742a]
V  [jvm.dll+0x225565]
V  [jvm.dll+0x7ea2cb]
V  [jvm.dll+0x7e483a]
V  [jvm.dll+0x6762c5]
C  [ucrtbase.dll+0x26c0c]
C  [KERNEL32.DLL+0x155a0]
C  [ntdll.dll+0x485b]


siginfo: EXCEPTION_ACCESS_VIOLATION (0xc0000005), reading address 0xffffffffffffffff


Register to memory mapping:

RIP=0x00007fff807f1f8b jvm.dll
RAX=0x00807fff80b8efd8 is an unknown value
RBX=0x00000096d4cfa650 is pointing into the stack for thread: 0x0000022bb4193890
RCX=0x0000022bb7f15bf0 points into unknown readable memory: 0x00007fff80b8efd8 | d8 ef b8 80 ff 7f 00 00
RDX=0x0000022bb7f15bf0 points into unknown readable memory: 0x00007fff80b8efd8 | d8 ef b8 80 ff 7f 00 00
RSP=0x00000096d4cfa520 is pointing into the stack for thread: 0x0000022bb4193890
RBP=0x0000000000000025 is an unknown value
RSI=0x0000000000000008 is an unknown value
RDI=0x00000096d4cfa960 is pointing into the stack for thread: 0x0000022bb4193890
R8 =0x0000022bc69de754 points into unknown readable memory: f3 fd ff ff
R9 =0x0000000000000800 is an unknown value
R10=0x0000022bbcc1fab8 points into unknown readable memory: 0x0000000000000000 | 00 00 00 00 00 00 00 00
R11=0x00000096d4cfa518 is pointing into the stack for thread: 0x0000022bb4193890
R12=0x000000000000000b is an unknown value
R13=0x00000096d4cfa960 is pointing into the stack for thread: 0x0000022bb4193890
R14=0x0000022bb7f15bf0 points into unknown readable memory: 0x00007fff80b8efd8 | d8 ef b8 80 ff 7f 00 00
R15=0x0000022bbca22a20 points into unknown readable memory: 0x00007fff80b8b328 | 28 b3 b8 80 ff 7f 00 00


Registers:
RAX=0x00807fff80b8efd8, RBX=0x00000096d4cfa650, RCX=0x0000022bb7f15bf0, RDX=0x0000022bb7f15bf0
RSP=0x00000096d4cfa520, RBP=0x0000000000000025, RSI=0x0000000000000008, RDI=0x00000096d4cfa960
R8 =0x0000022bc69de754, R9 =0x0000000000000800, R10=0x0000022bbcc1fab8, R11=0x00000096d4cfa518
R12=0x000000000000000b, R13=0x00000096d4cfa960, R14=0x0000022bb7f15bf0, R15=0x0000022bbca22a20
RIP=0x00007fff807f1f8b, EFLAGS=0x0000000000010297

Top of Stack: (sp=0x00000096d4cfa520)
0x00000096d4cfa520:   00000096d4cfa960 0000022bb7e25390
0x00000096d4cfa530:   0000022bbcc1fa80 00000096d4cfa960
0x00000096d4cfa540:   00000096d4cfa960 0000000000000012
0x00000096d4cfa550:   0000022bbca22a20 0000000000000008
0x00000096d4cfa560:   00000096d4cfa960 0000022bb7f15bf0
0x00000096d4cfa570:   0000000000000008 0000000000000025
0x00000096d4cfa580:   00000096d4cfa650 00007fff807f196b
0x00000096d4cfa590:   000000000000000b 0000022bb7f15bf0
0x00000096d4cfa5a0:   0000000000000002 0000022bbcc20310
0x00000096d4cfa5b0:   0000000000000000 0000000000060200
0x00000096d4cfa5c0:   0000022bba30e020 0000022bba30e020
0x00000096d4cfa5d0:   00000096d4cfa6e0 00007fff807de633
0x00000096d4cfa5e0:   0000022ba033a970 00000096d4cfa630
0x00000096d4cfa5f0:   0000000000000000 00000096d4cfa960
0x00000096d4cfa600:   00000096d4cfa650 00000096d4cfa610
0x00000096d4cfa610:   0000022bb416d9a0 0000000000001000 

Instructions: (pc=0x00007fff807f1f8b)
0x00007fff807f1e8b:   08 4d 8b 04 07 41 ff 51 18 49 8b 4d 08 84 c0 74
0x00007fff807f1e9b:   34 4a 89 1c 39 48 85 db 74 5d 48 8b 4b 10 48 85
0x00007fff807f1eab:   c9 74 54 8b 43 20 3b 43 24 75 11 8b d0 48 8b cb
0x00007fff807f1ebb:   e8 60 3a 0c 00 8b 43 20 48 8b 4b 10 4c 89 2c c1
0x00007fff807f1ecb:   ff 43 20 eb 32 4a 89 34 39 48 85 f6 74 29 48 8b
0x00007fff807f1edb:   4e 10 48 85 c9 74 20 8b 46 20 3b 46 24 75 11 8b
0x00007fff807f1eeb:   d0 48 8b ce e8 2c 3a 0c 00 8b 46 20 48 8b 4e 10
0x00007fff807f1efb:   4c 89 2c c1 ff 46 20 49 8b 04 24 b9 50 00 00 00
0x00007fff807f1f0b:   80 3c 01 00 75 05 e8 6a d3 2f 00 ff c5 41 3b 6e
0x00007fff807f1f1b:   18 0f 82 4e ff ff ff 4c 8b 74 24 78 4c 8b bc 24
0x00007fff807f1f2b:   80 00 00 00 4d 8b c7 49 8b d5 48 8b cf e8 13 25
0x00007fff807f1f3b:   1c 00 48 8b 9f 88 09 00 00 49 8b d6 48 8d 8b 88
0x00007fff807f1f4b:   09 00 00 e8 cd a4 10 00 48 8d 8b e0 09 00 00 49
0x00007fff807f1f5b:   8b d6 e8 2e 14 b1 ff 4c 8b cb 4d 8b c5 ba 01 00
0x00007fff807f1f6b:   00 00 49 8b ce e8 db b5 10 00 49 8b d6 48 8b cf
0x00007fff807f1f7b:   e8 a0 1b 1c 00 e9 15 02 00 00 49 8b 06 49 8b ce
0x00007fff807f1f8b:   ff 10 44 8b e8 8d 88 5b ff ff ff 83 f9 01 0f 87
0x00007fff807f1f9b:   fe 00 00 00 49 8b 4e 08 4c 8b 79 08 41 83 7f 20
0x00007fff807f1fab:   01 0f 86 eb 00 00 00 41 8b 4f 2c 81 e1 ff 01 00
0x00007fff807f1fbb:   00 81 f9 00 01 00 00 0f 85 d5 00 00 00 49 8b d7
0x00007fff807f1fcb:   48 8b cf e8 5d 9b fd ff 49 8b d6 48 8b cf 4c 8b
0x00007fff807f1fdb:   e0 49 8b ee e8 fc 9d fd ff 48 8b d8 49 3b c4 0f
0x00007fff807f1feb:   84 ad 00 00 00 33 f6 83 7b 18 01 76 52 48 8b 43
0x00007fff807f1ffb:   08 4c 39 78 08 75 48 48 8b 45 08 48 39 18 75 3f
0x00007fff807f200b:   8b 43 2c 83 e0 7f 3c 75 0f 85 95 01 00 00 48 8b
0x00007fff807f201b:   cb e8 8f 54 fe ff 48 85 c0 0f 84 84 01 00 00 8b
0x00007fff807f202b:   48 40 80 e1 03 80 f9 02 0f 85 75 01 00 00 48 8b
0x00007fff807f203b:   c8 e8 df 16 ff ff 48 85 c0 0f 84 64 01 00 00 8b
0x00007fff807f204b:   4b 28 48 8b eb 48 8b 87 f8 09 00 00 48 8b 1c c8
0x00007fff807f205b:   48 8d 14 c8 48 8b 43 08 48 39 30 75 29 8b 4f 28
0x00007fff807f206b:   0f 1f 44 00 00 8b 43 28 3b c1 73 0a 48 8b 5f 30
0x00007fff807f207b:   48 8b 1c c3 eb 03 48 8b de 48 83 e3 fe 48 8b 43 


Stack slot to memory mapping:
stack at sp + 0 slots: 0x00000096d4cfa960 is pointing into the stack for thread: 0x0000022bb4193890
stack at sp + 1 slots: 0x0000022bb7e25390 points into unknown readable memory: 0x0000022bb7e252f0 | f0 52 e2 b7 2b 02 00 00
stack at sp + 2 slots: 0x0000022bbcc1fa80 points into unknown readable memory: 0x00007fff80b71430 | 30 14 b7 80 ff 7f 00 00
stack at sp + 3 slots: 0x00000096d4cfa960 is pointing into the stack for thread: 0x0000022bb4193890
stack at sp + 4 slots: 0x00000096d4cfa960 is pointing into the stack for thread: 0x0000022bb4193890
stack at sp + 5 slots: 0x0000000000000012 is an unknown value
stack at sp + 6 slots: 0x0000022bbca22a20 points into unknown readable memory: 0x00007fff80b8b328 | 28 b3 b8 80 ff 7f 00 00
stack at sp + 7 slots: 0x0000000000000008 is an unknown value


---------------  P R O C E S S  ---------------

Threads class SMR info:
_java_thread_list=0x0000022bc6a4ea20, length=32, elements={
0x0000022ba0322870, 0x0000022bb4163390, 0x0000022bb41644f0, 0x0000022bb4191260,
0x0000022bb4191b20, 0x0000022bb41923e0, 0x0000022bb4192ca0, 0x0000022bb4193890,
0x0000022bb41ace30, 0x0000022bb41ad340, 0x0000022bb5f06890, 0x0000022bb6152160,
0x0000022bb7450090, 0x0000022bb7ae2ae0, 0x0000022bb7716870, 0x0000022bb7446f90,
0x0000022bb75a4470, 0x0000022bb6a2e790, 0x0000022bb6a2d920, 0x0000022bb6a2ddf0,
0x0000022bb6a2e2c0, 0x0000022bb9dd7020, 0x0000022bb9dd79c0, 0x0000022bb9dd7e90,
0x0000022bb9dd8360, 0x0000022bb9dd8830, 0x0000022bb9dd4e70, 0x0000022bb9dd5340,
0x0000022bb9e3aec0, 0x0000022bb9e3d070, 0x0000022bb6a2cf80, 0x0000022bbc97d160
}

Java Threads: ( => current thread )
  0x0000022ba0322870 JavaThread "main" [_thread_blocked, id=13248, stack(0x00000096d4300000,0x00000096d4400000)]
  0x0000022bb4163390 JavaThread "Reference Handler" daemon [_thread_blocked, id=8696, stack(0x00000096d4600000,0x00000096d4700000)]
  0x0000022bb41644f0 JavaThread "Finalizer" daemon [_thread_blocked, id=34720, stack(0x00000096d4700000,0x00000096d4800000)]
  0x0000022bb4191260 JavaThread "Signal Dispatcher" daemon [_thread_blocked, id=17988, stack(0x00000096d4800000,0x00000096d4900000)]
  0x0000022bb4191b20 JavaThread "Attach Listener" daemon [_thread_blocked, id=29984, stack(0x00000096d4900000,0x00000096d4a00000)]
  0x0000022bb41923e0 JavaThread "Service Thread" daemon [_thread_blocked, id=34068, stack(0x00000096d4a00000,0x00000096d4b00000)]
  0x0000022bb4192ca0 JavaThread "Monitor Deflation Thread" daemon [_thread_blocked, id=3960, stack(0x00000096d4b00000,0x00000096d4c00000)]
=>0x0000022bb4193890 JavaThread "C2 CompilerThread0" daemon [_thread_in_native, id=27540, stack(0x00000096d4c00000,0x00000096d4d00000)]
  0x0000022bb41ace30 JavaThread "C1 CompilerThread0" daemon [_thread_blocked, id=5704, stack(0x00000096d4d00000,0x00000096d4e00000)]
  0x0000022bb41ad340 JavaThread "Sweeper thread" daemon [_thread_blocked, id=6160, stack(0x00000096d4e00000,0x00000096d4f00000)]
  0x0000022bb5f06890 JavaThread "Common-Cleaner" daemon [_thread_blocked, id=25580, stack(0x00000096d4f00000,0x00000096d5000000)]
  0x0000022bb6152160 JavaThread "Notification Thread" daemon [_thread_blocked, id=25948, stack(0x00000096d5000000,0x00000096d5100000)]
  0x0000022bb7450090 JavaThread "Active Thread: Equinox Container: 554386c4-b41c-4e88-add7-fbe0f74f8ef3" [_thread_blocked, id=32056, stack(0x00000096d5700000,0x00000096d5800000)]
  0x0000022bb7ae2ae0 JavaThread "Framework Event Dispatcher: Equinox Container: 554386c4-b41c-4e88-add7-fbe0f74f8ef3" daemon [_thread_blocked, id=35556, stack(0x00000096d5800000,0x00000096d5900000)]
  0x0000022bb7716870 JavaThread "Start Level: Equinox Container: 554386c4-b41c-4e88-add7-fbe0f74f8ef3" daemon [_thread_blocked, id=35728, stack(0x00000096d5900000,0x00000096d5a00000)]
  0x0000022bb7446f90 JavaThread "SCR Component Actor" daemon [_thread_blocked, id=19184, stack(0x00000096d5a00000,0x00000096d5b00000)]
  0x0000022bb75a4470 JavaThread "Worker-JM" [_thread_blocked, id=11164, stack(0x00000096d5b00000,0x00000096d5c00000)]
  0x0000022bb6a2e790 JavaThread "Worker-3" [_thread_blocked, id=8784, stack(0x00000096d6000000,0x00000096d6100000)]
  0x0000022bb6a2d920 JavaThread "Java indexing" daemon [_thread_blocked, id=34756, stack(0x00000096d6100000,0x00000096d6200000)]
  0x0000022bb6a2ddf0 JavaThread "JNA Cleaner" daemon [_thread_blocked, id=34044, stack(0x00000096d6200000,0x00000096d6300000)]
  0x0000022bb6a2e2c0 JavaThread "pool-2-thread-1" [_thread_blocked, id=34568, stack(0x00000096d6300000,0x00000096d6400000)]
  0x0000022bb9dd7020 JavaThread "pool-1-thread-1" [_thread_in_Java, id=29880, stack(0x00000096d6400000,0x00000096d6500000)]
  0x0000022bb9dd79c0 JavaThread "ForkJoinPool.commonPool-worker-1" daemon [_thread_blocked, id=23780, stack(0x00000096d5f00000,0x00000096d6000000)]
  0x0000022bb9dd7e90 JavaThread "ForkJoinPool.commonPool-worker-2" daemon [_thread_blocked, id=34820, stack(0x00000096d5600000,0x00000096d5700000)]
  0x0000022bb9dd8360 JavaThread "Worker-4" [_thread_blocked, id=29980, stack(0x00000096d6500000,0x00000096d6600000)]
  0x0000022bb9dd8830 JavaThread "ForkJoinPool.commonPool-worker-3" daemon [_thread_in_Java, id=32532, stack(0x00000096d6600000,0x00000096d6700000)]
  0x0000022bb9dd4e70 JavaThread "ForkJoinPool.commonPool-worker-4" daemon [_thread_blocked, id=24856, stack(0x00000096d6700000,0x00000096d6800000)]
  0x0000022bb9dd5340 JavaThread "Bundle File Closer" daemon [_thread_blocked, id=27504, stack(0x00000096d6900000,0x00000096d6a00000)]
  0x0000022bb9e3aec0 JavaThread "Worker-5" [_thread_blocked, id=24536, stack(0x00000096d4000000,0x00000096d4100000)]
  0x0000022bb9e3d070 JavaThread "Worker-6" [_thread_blocked, id=16580, stack(0x00000096d4100000,0x00000096d4200000)]
  0x0000022bb6a2cf80 JavaThread "Worker-7" [_thread_blocked, id=8720, stack(0x00000096d4200000,0x00000096d4300000)]
  0x0000022bbc97d160 JavaThread "pool-1-thread-5" [_thread_blocked, id=22496, stack(0x00000096d5c00000,0x00000096d5d00000)]

Other Threads:
  0x0000022b9e2ed810 VMThread "VM Thread" [stack: 0x00000096d4500000,0x00000096d4600000] [id=20300]
  0x0000022bb610be70 WatcherThread [stack: 0x00000096d5100000,0x00000096d5200000] [id=29116]
  0x0000022ba033aa40 GCTaskThread "GC Thread#0" [stack: 0x00000096d4400000,0x00000096d4500000] [id=13960]
  0x0000022bb6935320 GCTaskThread "GC Thread#1" [stack: 0x00000096d5200000,0x00000096d5300000] [id=15852]
  0x0000022bb6495280 GCTaskThread "GC Thread#2" [stack: 0x00000096d5300000,0x00000096d5400000] [id=26044]
  0x0000022bb6495530 GCTaskThread "GC Thread#3" [stack: 0x00000096d5400000,0x00000096d5500000] [id=10740]
  0x0000022bb653d4f0 GCTaskThread "GC Thread#4" [stack: 0x00000096d5500000,0x00000096d5600000] [id=13504]

Threads with active compile tasks:
C2 CompilerThread0   739614 16987       4       org.eclipse.jdt.internal.compiler.lookup.Scope::getTypeOrPackage (1692 bytes)

VM state: not at safepoint (normal execution)

VM Mutex/Monitor currently owned by a thread: None

Heap address: 0x00000000c0000000, size: 1024 MB, Compressed Oops mode: 32-bit

CDS archive(s) not mapped
Compressed class space mapped at: 0x0000000100000000-0x0000000140000000, reserved size: 1073741824
Narrow klass base: 0x0000000000000000, Narrow klass shift: 3, Narrow klass range: 0x140000000

GC Precious Log:
 CPUs: 5 total, 5 available
 Memory: 7992M
 Large Page Support: Disabled
 NUMA Support: Disabled
 Compressed Oops: Enabled (32-bit)
 Alignments: Space 512K, Generation 512K, Heap 2M
 Heap Min Capacity: 100M
 Heap Initial Capacity: 100M
 Heap Max Capacity: 1G
 Pre-touch: Disabled
 Parallel Workers: 5

Heap:
 PSYoungGen      total 4608K, used 1571K [0x00000000eab00000, 0x00000000eb080000, 0x0000000100000000)
  eden space 4096K, 36% used [0x00000000eab00000,0x00000000eac70e50,0x00000000eaf00000)
  from space 512K, 18% used [0x00000000eb000000,0x00000000eb018000,0x00000000eb080000)
  to   space 512K, 0% used [0x00000000eaf80000,0x00000000eaf80000,0x00000000eb000000)
 ParOldGen       total 169472K, used 151208K [0x00000000c0000000, 0x00000000ca580000, 0x00000000eab00000)
  object space 169472K, 89% used [0x00000000c0000000,0x00000000c93aa330,0x00000000ca580000)
 Metaspace       used 77424K, committed 78592K, reserved 1122304K
  class space    used 7620K, committed 8128K, reserved 1048576K

Card table byte_map: [0x0000022b9fd00000,0x0000022b9ff10000] _byte_map_base: 0x0000022b9f700000

Marking Bits: (ParMarkBitMap*) 0x00007fff80de3e70
 Begin Bits: [0x0000022bb1fb0000, 0x0000022bb2fb0000)
 End Bits:   [0x0000022bb2fb0000, 0x0000022bb3fb0000)

Polling page: 0x0000022b9faf0000

Metaspace:

Usage:
  Non-class:     68.17 MB used.
      Class:      7.44 MB used.
       Both:     75.61 MB used.

Virtual space:
  Non-class space:       72.00 MB reserved,      68.81 MB ( 96%) committed,  9 nodes.
      Class space:        1.00 GB reserved,       7.94 MB ( <1%) committed,  1 nodes.
             Both:        1.07 GB reserved,      76.75 MB (  7%) committed. 

Chunk freelists:
   Non-Class:  2.83 MB
       Class:  46.00 KB
        Both:  2.87 MB

MaxMetaspaceSize: unlimited
CompressedClassSpaceSize: 1.00 GB
Initial GC threshold: 21.00 MB
Current GC threshold: 127.94 MB
CDS: off
MetaspaceReclaimPolicy: balanced
 - commit_granule_bytes: 65536.
 - commit_granule_words: 8192.
 - virtual_space_node_default_size: 1048576.
 - enlarge_chunks_in_place: 1.
 - new_chunks_are_fully_committed: 0.
 - uncommit_free_chunks: 1.
 - use_allocation_guard: 0.
 - handle_deallocations: 1.


Internal statistics:

num_allocs_failed_limit: 9.
num_arena_births: 592.
num_arena_deaths: 14.
num_vsnodes_births: 10.
num_vsnodes_deaths: 0.
num_space_committed: 1228.
num_space_uncommitted: 0.
num_chunks_returned_to_freelist: 23.
num_chunks_taken_from_freelist: 3914.
num_chunk_merges: 13.
num_chunk_splits: 2372.
num_chunks_enlarged: 1328.
num_purges: 2.
num_inconsistent_stats: 0.

CodeHeap 'non-profiled nmethods': size=120000Kb used=13956Kb max_used=13956Kb free=106043Kb
 bounds [0x0000022baaa80000, 0x0000022bab830000, 0x0000022bb1fb0000]
CodeHeap 'profiled nmethods': size=120000Kb used=30277Kb max_used=30370Kb free=89722Kb
 bounds [0x0000022ba2fb0000, 0x0000022ba4d60000, 0x0000022baa4e0000]
CodeHeap 'non-nmethods': size=5760Kb used=1373Kb max_used=1451Kb free=4386Kb
 bounds [0x0000022baa4e0000, 0x0000022baa750000, 0x0000022baaa80000]
 total_blobs=13911 nmethods=13194 adapters=628
 compilation: enabled
              stopped_count=0, restarted_count=0
 full_count=0

Compilation events (20 events):
Event: 735.475 Thread 0x0000022bb41ace30 nmethod 16978 0x0000022ba4cabe90 code [0x0000022ba4cac040, 0x0000022ba4cac228]
Event: 735.681 Thread 0x0000022bb4193890 16979  s!   4       jdk.internal.jrtfs.JrtDirectoryStream::iterator (76 bytes)
Event: 736.264 Thread 0x0000022bb41ace30 16981       3       org.eclipse.jdt.core.dom.VariableDeclarationStatement::modifiers (16 bytes)
Event: 736.264 Thread 0x0000022bb41ace30 nmethod 16981 0x0000022ba4cab910 code [0x0000022ba4cabac0, 0x0000022ba4cabd68]
Event: 736.450 Thread 0x0000022bb4193890 nmethod 16979 0x0000022bab80fb10 code [0x0000022bab8101e0, 0x0000022bab8190f0]
Event: 736.451 Thread 0x0000022bb4193890 16980       4       com.google.gson.stream.JsonWriter::value (24 bytes)
Event: 736.454 Thread 0x0000022bb41ace30 16982       3       org.eclipse.jdt.internal.ui.text.correction.ProblemLocationCore::toString (114 bytes)
Event: 736.455 Thread 0x0000022bb41ace30 nmethod 16982 0x0000022ba4caa510 code [0x0000022ba4caa800, 0x0000022ba4cab428]
Event: 736.455 Thread 0x0000022bb41ace30 16983       3       org.eclipse.jdt.internal.ui.text.correction.ProblemLocationCore::getErrorCode (134 bytes)
Event: 736.457 Thread 0x0000022bb41ace30 nmethod 16983 0x0000022ba4ca9210 code [0x0000022ba4ca94e0, 0x0000022ba4caa0f8]
Event: 736.476 Thread 0x0000022bb4193890 nmethod 16980 0x0000022bab81e590 code [0x0000022bab81e7c0, 0x0000022bab81fac0]
Event: 739.344 Thread 0x0000022bb41ace30 16984       3       com.google.gson.internal.LinkedTreeMap::rotateRight (118 bytes)
Event: 739.345 Thread 0x0000022bb41ace30 nmethod 16984 0x0000022ba4ca8990 code [0x0000022ba4ca8b60, 0x0000022ba4ca9008]
Event: 739.366 Thread 0x0000022bb4193890 16985       4       org.eclipse.jdt.internal.compiler.ast.Argument::<init> (64 bytes)
Event: 739.368 Thread 0x0000022bb4193890 nmethod 16985 0x0000022bab820910 code [0x0000022bab820a80, 0x0000022bab820b78]
Event: 739.382 Thread 0x0000022bb41ace30 16986       3       org.eclipse.jdt.internal.compiler.ast.ParameterizedQualifiedTypeReference::traverse (253 bytes)
Event: 739.383 Thread 0x0000022bb41ace30 nmethod 16986 0x0000022ba4ca7210 code [0x0000022ba4ca74a0, 0x0000022ba4ca8318]
Event: 739.408 Thread 0x0000022bb4193890 16987       4       org.eclipse.jdt.internal.compiler.lookup.Scope::getTypeOrPackage (1692 bytes)
Event: 739.513 Thread 0x0000022bb41ace30 16990       3       org.eclipse.jdt.internal.compiler.classfmt.FieldInfo::decodeAnnotations (185 bytes)
Event: 739.515 Thread 0x0000022bb41ace30 nmethod 16990 0x0000022ba4ca6190 code [0x0000022ba4ca63a0, 0x0000022ba4ca6eb8]

GC Heap History (20 events):
Event: 739.367 GC heap before
{Heap before GC invocations=3034 (full 100):
 PSYoungGen      total 4608K, used 3103K [0x00000000eab00000, 0x00000000eb080000, 0x0000000100000000)
  eden space 4096K, 67% used [0x00000000eab00000,0x00000000eadb7db0,0x00000000eaf00000)
  from space 512K, 62% used [0x00000000eb000000,0x00000000eb050000,0x00000000eb080000)
  to   space 512K, 0% used [0x00000000eaf80000,0x00000000eaf80000,0x00000000eb000000)
 ParOldGen       total 169472K, used 147814K [0x00000000c0000000, 0x00000000ca580000, 0x00000000eab00000)
  object space 169472K, 87% used [0x00000000c0000000,0x00000000c9059b20,0x00000000ca580000)
 Metaspace       used 77421K, committed 78592K, reserved 1122304K
  class space    used 7620K, committed 8128K, reserved 1048576K
}
Event: 739.368 GC heap after
{Heap after GC invocations=3034 (full 100):
 PSYoungGen      total 4608K, used 224K [0x00000000eab00000, 0x00000000eb080000, 0x0000000100000000)
  eden space 4096K, 0% used [0x00000000eab00000,0x00000000eab00000,0x00000000eaf00000)
  from space 512K, 43% used [0x00000000eaf80000,0x00000000eafb8000,0x00000000eb000000)
  to   space 512K, 0% used [0x00000000eb000000,0x00000000eb000000,0x00000000eb080000)
 ParOldGen       total 169472K, used 148041K [0x00000000c0000000, 0x00000000ca580000, 0x00000000eab00000)
  object space 169472K, 87% used [0x00000000c0000000,0x00000000c9092580,0x00000000ca580000)
 Metaspace       used 77421K, committed 78592K, reserved 1122304K
  class space    used 7620K, committed 8128K, reserved 1048576K
}
Event: 739.383 GC heap before
{Heap before GC invocations=3035 (full 100):
 PSYoungGen      total 4608K, used 4196K [0x00000000eab00000, 0x00000000eb080000, 0x0000000100000000)
  eden space 4096K, 96% used [0x00000000eab00000,0x00000000eaee12d0,0x00000000eaf00000)
  from space 512K, 43% used [0x00000000eaf80000,0x00000000eafb8000,0x00000000eb000000)
  to   space 512K, 0% used [0x00000000eb000000,0x00000000eb000000,0x00000000eb080000)
 ParOldGen       total 169472K, used 148041K [0x00000000c0000000, 0x00000000ca580000, 0x00000000eab00000)
  object space 169472K, 87% used [0x00000000c0000000,0x00000000c9092580,0x00000000ca580000)
 Metaspace       used 77422K, committed 78592K, reserved 1122304K
  class space    used 7620K, committed 8128K, reserved 1048576K
}
Event: 739.385 GC heap after
{Heap after GC invocations=3035 (full 100):
 PSYoungGen      total 4608K, used 512K [0x00000000eab00000, 0x00000000eb100000, 0x0000000100000000)
  eden space 4096K, 0% used [0x00000000eab00000,0x00000000eab00000,0x00000000eaf00000)
  from space 512K, 100% used [0x00000000eb000000,0x00000000eb080000,0x00000000eb080000)
  to   space 1024K, 0% used [0x00000000eaf00000,0x00000000eaf00000,0x00000000eb000000)
 ParOldGen       total 169472K, used 148225K [0x00000000c0000000, 0x00000000ca580000, 0x00000000eab00000)
  object space 169472K, 87% used [0x00000000c0000000,0x00000000c90c0580,0x00000000ca580000)
 Metaspace       used 77422K, committed 78592K, reserved 1122304K
  class space    used 7620K, committed 8128K, reserved 1048576K
}
Event: 739.396 GC heap before
{Heap before GC invocations=3036 (full 100):
 PSYoungGen      total 4608K, used 4591K [0x00000000eab00000, 0x00000000eb100000, 0x0000000100000000)
  eden space 4096K, 99% used [0x00000000eab00000,0x00000000eaefbd70,0x00000000eaf00000)
  from space 512K, 100% used [0x00000000eb000000,0x00000000eb080000,0x00000000eb080000)
  to   space 1024K, 0% used [0x00000000eaf00000,0x00000000eaf00000,0x00000000eb000000)
 ParOldGen       total 169472K, used 148225K [0x00000000c0000000, 0x00000000ca580000, 0x00000000eab00000)
  object space 169472K, 87% used [0x00000000c0000000,0x00000000c90c0580,0x00000000ca580000)
 Metaspace       used 77422K, committed 78592K, reserved 1122304K
  class space    used 7620K, committed 8128K, reserved 1048576K
}
Event: 739.397 GC heap after
{Heap after GC invocations=3036 (full 100):
 PSYoungGen      total 5120K, used 555K [0x00000000eab00000, 0x00000000eb100000, 0x0000000100000000)
  eden space 4096K, 0% used [0x00000000eab00000,0x00000000eab00000,0x00000000eaf00000)
  from space 1024K, 54% used [0x00000000eaf00000,0x00000000eaf8aef0,0x00000000eb000000)
  to   space 1024K, 0% used [0x00000000eb000000,0x00000000eb000000,0x00000000eb100000)
 ParOldGen       total 169472K, used 150239K [0x00000000c0000000, 0x00000000ca580000, 0x00000000eab00000)
  object space 169472K, 88% used [0x00000000c0000000,0x00000000c92b7f20,0x00000000ca580000)
 Metaspace       used 77422K, committed 78592K, reserved 1122304K
  class space    used 7620K, committed 8128K, reserved 1048576K
}
Event: 739.408 GC heap before
{Heap before GC invocations=3037 (full 100):
 PSYoungGen      total 5120K, used 4651K [0x00000000eab00000, 0x00000000eb100000, 0x0000000100000000)
  eden space 4096K, 100% used [0x00000000eab00000,0x00000000eaf00000,0x00000000eaf00000)
  from space 1024K, 54% used [0x00000000eaf00000,0x00000000eaf8aef0,0x00000000eb000000)
  to   space 1024K, 0% used [0x00000000eb000000,0x00000000eb000000,0x00000000eb100000)
 ParOldGen       total 169472K, used 150239K [0x00000000c0000000, 0x00000000ca580000, 0x00000000eab00000)
  object space 169472K, 88% used [0x00000000c0000000,0x00000000c92b7f20,0x00000000ca580000)
 Metaspace       used 77422K, committed 78592K, reserved 1122304K
  class space    used 7620K, committed 8128K, reserved 1048576K
}
Event: 739.410 GC heap after
{Heap after GC invocations=3037 (full 100):
 PSYoungGen      total 5120K, used 512K [0x00000000eab00000, 0x00000000eb100000, 0x0000000100000000)
  eden space 4096K, 0% used [0x00000000eab00000,0x00000000eab00000,0x00000000eaf00000)
  from space 1024K, 50% used [0x00000000eb000000,0x00000000eb080000,0x00000000eb100000)
  to   space 1024K, 0% used [0x00000000eaf00000,0x00000000eaf00000,0x00000000eb000000)
 ParOldGen       total 169472K, used 150308K [0x00000000c0000000, 0x00000000ca580000, 0x00000000eab00000)
  object space 169472K, 88% used [0x00000000c0000000,0x00000000c92c93a0,0x00000000ca580000)
 Metaspace       used 77422K, committed 78592K, reserved 1122304K
  class space    used 7620K, committed 8128K, reserved 1048576K
}
Event: 739.424 GC heap before
{Heap before GC invocations=3038 (full 100):
 PSYoungGen      total 5120K, used 4416K [0x00000000eab00000, 0x00000000eb100000, 0x0000000100000000)
  eden space 4096K, 95% used [0x00000000eab00000,0x00000000eaed0240,0x00000000eaf00000)
  from space 1024K, 50% used [0x00000000eb000000,0x00000000eb080000,0x00000000eb100000)
  to   space 1024K, 0% used [0x00000000eaf00000,0x00000000eaf00000,0x00000000eb000000)
 ParOldGen       total 169472K, used 150308K [0x00000000c0000000, 0x00000000ca580000, 0x00000000eab00000)
  object space 169472K, 88% used [0x00000000c0000000,0x00000000c92c93a0,0x00000000ca580000)
 Metaspace       used 77422K, committed 78592K, reserved 1122304K
  class space    used 7620K, committed 8128K, reserved 1048576K
}
Event: 739.426 GC heap after
{Heap after GC invocations=3038 (full 100):
 PSYoungGen      total 5120K, used 448K [0x00000000eab00000, 0x00000000eb080000, 0x0000000100000000)
  eden space 4096K, 0% used [0x00000000eab00000,0x00000000eab00000,0x00000000eaf00000)
  from space 1024K, 43% used [0x00000000eaf00000,0x00000000eaf70000,0x00000000eb000000)
  to   space 512K, 0% used [0x00000000eb000000,0x00000000eb000000,0x00000000eb080000)
 ParOldGen       total 169472K, used 150772K [0x00000000c0000000, 0x00000000ca580000, 0x00000000eab00000)
  object space 169472K, 88% used [0x00000000c0000000,0x00000000c933d3a0,0x00000000ca580000)
 Metaspace       used 77422K, committed 78592K, reserved 1122304K
  class space    used 7620K, committed 8128K, reserved 1048576K
}
Event: 739.443 GC heap before
{Heap before GC invocations=3039 (full 100):
 PSYoungGen      total 5120K, used 4544K [0x00000000eab00000, 0x00000000eb080000, 0x0000000100000000)
  eden space 4096K, 100% used [0x00000000eab00000,0x00000000eaf00000,0x00000000eaf00000)
  from space 1024K, 43% used [0x00000000eaf00000,0x00000000eaf70000,0x00000000eb000000)
  to   space 512K, 0% used [0x00000000eb000000,0x00000000eb000000,0x00000000eb080000)
 ParOldGen       total 169472K, used 150772K [0x00000000c0000000, 0x00000000ca580000, 0x00000000eab00000)
  object space 169472K, 88% used [0x00000000c0000000,0x00000000c933d3a0,0x00000000ca580000)
 Metaspace       used 77422K, committed 78592K, reserved 1122304K
  class space    used 7620K, committed 8128K, reserved 1048576K
}
Event: 739.444 GC heap after
{Heap after GC invocations=3039 (full 100):
 PSYoungGen      total 4608K, used 160K [0x00000000eab00000, 0x00000000eb080000, 0x0000000100000000)
  eden space 4096K, 0% used [0x00000000eab00000,0x00000000eab00000,0x00000000eaf00000)
  from space 512K, 31% used [0x00000000eb000000,0x00000000eb028000,0x00000000eb080000)
  to   space 512K, 0% used [0x00000000eaf80000,0x00000000eaf80000,0x00000000eb000000)
 ParOldGen       total 169472K, used 150985K [0x00000000c0000000, 0x00000000ca580000, 0x00000000eab00000)
  object space 169472K, 89% used [0x00000000c0000000,0x00000000c93725b0,0x00000000ca580000)
 Metaspace       used 77422K, committed 78592K, reserved 1122304K
  class space    used 7620K, committed 8128K, reserved 1048576K
}
Event: 739.458 GC heap before
{Heap before GC invocations=3040 (full 100):
 PSYoungGen      total 4608K, used 3225K [0x00000000eab00000, 0x00000000eb080000, 0x0000000100000000)
  eden space 4096K, 74% used [0x00000000eab00000,0x00000000eadfe7f0,0x00000000eaf00000)
  from space 512K, 31% used [0x00000000eb000000,0x00000000eb028000,0x00000000eb080000)
  to   space 512K, 0% used [0x00000000eaf80000,0x00000000eaf80000,0x00000000eb000000)
 ParOldGen       total 169472K, used 150985K [0x00000000c0000000, 0x00000000ca580000, 0x00000000eab00000)
  object space 169472K, 89% used [0x00000000c0000000,0x00000000c93725b0,0x00000000ca580000)
 Metaspace       used 77422K, committed 78592K, reserved 1122304K
  class space    used 7620K, committed 8128K, reserved 1048576K
}
Event: 739.459 GC heap after
{Heap after GC invocations=3040 (full 100):
 PSYoungGen      total 4608K, used 224K [0x00000000eab00000, 0x00000000eb080000, 0x0000000100000000)
  eden space 4096K, 0% used [0x00000000eab00000,0x00000000eab00000,0x00000000eaf00000)
  from space 512K, 43% used [0x00000000eaf80000,0x00000000eafb8000,0x00000000eb000000)
  to   space 512K, 0% used [0x00000000eb000000,0x00000000eb000000,0x00000000eb080000)
 ParOldGen       total 169472K, used 151022K [0x00000000c0000000, 0x00000000ca580000, 0x00000000eab00000)
  object space 169472K, 89% used [0x00000000c0000000,0x00000000c937ba30,0x00000000ca580000)
 Metaspace       used 77422K, committed 78592K, reserved 1122304K
  class space    used 7620K, committed 8128K, reserved 1048576K
}
Event: 739.478 GC heap before
{Heap before GC invocations=3041 (full 100):
 PSYoungGen      total 4608K, used 4320K [0x00000000eab00000, 0x00000000eb080000, 0x0000000100000000)
  eden space 4096K, 100% used [0x00000000eab00000,0x00000000eaf00000,0x00000000eaf00000)
  from space 512K, 43% used [0x00000000eaf80000,0x00000000eafb8000,0x00000000eb000000)
  to   space 512K, 0% used [0x00000000eb000000,0x00000000eb000000,0x00000000eb080000)
 ParOldGen       total 169472K, used 151022K [0x00000000c0000000, 0x00000000ca580000, 0x00000000eab00000)
  object space 169472K, 89% used [0x00000000c0000000,0x00000000c937ba30,0x00000000ca580000)
 Metaspace       used 77422K, committed 78592K, reserved 1122304K
  class space    used 7620K, committed 8128K, reserved 1048576K
}
Event: 739.479 GC heap after
{Heap after GC invocations=3041 (full 100):
 PSYoungGen      total 4608K, used 224K [0x00000000eab00000, 0x00000000eb080000, 0x0000000100000000)
  eden space 4096K, 0% used [0x00000000eab00000,0x00000000eab00000,0x00000000eaf00000)
  from space 512K, 43% used [0x00000000eb000000,0x00000000eb038000,0x00000000eb080000)
  to   space 512K, 0% used [0x00000000eaf80000,0x00000000eaf80000,0x00000000eb000000)
 ParOldGen       total 169472K, used 151038K [0x00000000c0000000, 0x00000000ca580000, 0x00000000eab00000)
  object space 169472K, 89% used [0x00000000c0000000,0x00000000c937fa30,0x00000000ca580000)
 Metaspace       used 77422K, committed 78592K, reserved 1122304K
  class space    used 7620K, committed 8128K, reserved 1048576K
}
Event: 739.490 GC heap before
{Heap before GC invocations=3042 (full 100):
 PSYoungGen      total 4608K, used 3275K [0x00000000eab00000, 0x00000000eb080000, 0x0000000100000000)
  eden space 4096K, 74% used [0x00000000eab00000,0x00000000eadfaca0,0x00000000eaf00000)
  from space 512K, 43% used [0x00000000eb000000,0x00000000eb038000,0x00000000eb080000)
  to   space 512K, 0% used [0x00000000eaf80000,0x00000000eaf80000,0x00000000eb000000)
 ParOldGen       total 169472K, used 151038K [0x00000000c0000000, 0x00000000ca580000, 0x00000000eab00000)
  object space 169472K, 89% used [0x00000000c0000000,0x00000000c937fa30,0x00000000ca580000)
 Metaspace       used 77422K, committed 78592K, reserved 1122304K
  class space    used 7620K, committed 8128K, reserved 1048576K
}
Event: 739.491 GC heap after
{Heap after GC invocations=3042 (full 100):
 PSYoungGen      total 4608K, used 224K [0x00000000eab00000, 0x00000000eb080000, 0x0000000100000000)
  eden space 4096K, 0% used [0x00000000eab00000,0x00000000eab00000,0x00000000eaf00000)
  from space 512K, 43% used [0x00000000eaf80000,0x00000000eafb8000,0x00000000eb000000)
  to   space 512K, 0% used [0x00000000eb000000,0x00000000eb000000,0x00000000eb080000)
 ParOldGen       total 169472K, used 151077K [0x00000000c0000000, 0x00000000ca580000, 0x00000000eab00000)
  object space 169472K, 89% used [0x00000000c0000000,0x00000000c9389470,0x00000000ca580000)
 Metaspace       used 77422K, committed 78592K, reserved 1122304K
  class space    used 7620K, committed 8128K, reserved 1048576K
}
Event: 739.511 GC heap before
{Heap before GC invocations=3043 (full 100):
 PSYoungGen      total 4608K, used 4320K [0x00000000eab00000, 0x00000000eb080000, 0x0000000100000000)
  eden space 4096K, 100% used [0x00000000eab00000,0x00000000eaf00000,0x00000000eaf00000)
  from space 512K, 43% used [0x00000000eaf80000,0x00000000eafb8000,0x00000000eb000000)
  to   space 512K, 0% used [0x00000000eb000000,0x00000000eb000000,0x00000000eb080000)
 ParOldGen       total 169472K, used 151077K [0x00000000c0000000, 0x00000000ca580000, 0x00000000eab00000)
  object space 169472K, 89% used [0x00000000c0000000,0x00000000c9389470,0x00000000ca580000)
 Metaspace       used 77422K, committed 78592K, reserved 1122304K
  class space    used 7620K, committed 8128K, reserved 1048576K
}
Event: 739.512 GC heap after
{Heap after GC invocations=3043 (full 100):
 PSYoungGen      total 4608K, used 128K [0x00000000eab00000, 0x00000000eb080000, 0x0000000100000000)
  eden space 4096K, 0% used [0x00000000eab00000,0x00000000eab00000,0x00000000eaf00000)
  from space 512K, 25% used [0x00000000eb000000,0x00000000eb020000,0x00000000eb080000)
  to   space 512K, 0% used [0x00000000eaf80000,0x00000000eaf80000,0x00000000eb000000)
 ParOldGen       total 169472K, used 151085K [0x00000000c0000000, 0x00000000ca580000, 0x00000000eab00000)
  object space 169472K, 89% used [0x00000000c0000000,0x00000000c938b470,0x00000000ca580000)
 Metaspace       used 77422K, committed 78592K, reserved 1122304K
  class space    used 7620K, committed 8128K, reserved 1048576K
}

Dll operation events (10 events):
Event: 0.106 Loaded shared library c:\Users\Carla\.vscode\extensions\redhat.java-1.15.0-win32-x64\jre\17.0.6-win32-x86_64\bin\java.dll
Event: 0.681 Loaded shared library c:\Users\Carla\.vscode\extensions\redhat.java-1.15.0-win32-x64\jre\17.0.6-win32-x86_64\bin\zip.dll
Event: 0.718 Loaded shared library C:\Users\Carla\.vscode\extensions\redhat.java-1.15.0-win32-x64\jre\17.0.6-win32-x86_64\bin\instrument.dll
Event: 0.825 Loaded shared library C:\Users\Carla\.vscode\extensions\redhat.java-1.15.0-win32-x64\jre\17.0.6-win32-x86_64\bin\net.dll
Event: 0.845 Loaded shared library C:\Users\Carla\.vscode\extensions\redhat.java-1.15.0-win32-x64\jre\17.0.6-win32-x86_64\bin\nio.dll
Event: 0.868 Loaded shared library C:\Users\Carla\.vscode\extensions\redhat.java-1.15.0-win32-x64\jre\17.0.6-win32-x86_64\bin\zip.dll
Event: 0.919 Loaded shared library C:\Users\Carla\.vscode\extensions\redhat.java-1.15.0-win32-x64\jre\17.0.6-win32-x86_64\bin\jimage.dll
Event: 1.180 Loaded shared library c:\Users\Carla\.vscode\extensions\redhat.java-1.15.0-win32-x64\jre\17.0.6-win32-x86_64\bin\verify.dll
Event: 4.603 Loaded shared library C:\Users\Carla\AppData\Roaming\Code\User\globalStorage\redhat.java\1.15.0\config_win\org.eclipse.equinox.launcher\org.eclipse.equinox.launcher.win32.win32.x86_64_1.2.700.v20221108-1024\eclipse_11801.dll
Event: 12.193 Loaded shared library C:\Users\Carla\AppData\Local\Temp\jna-64878633\jna758142207871689543.dll

Deoptimization events (20 events):
Event: 688.491 Thread 0x0000022bb9dd8360 DEOPT PACKING pc=0x0000022bab2c6f94 sp=0x00000096d65fe610
Event: 688.491 Thread 0x0000022bb9dd8360 DEOPT UNPACKING pc=0x0000022baa53669d sp=0x00000096d65fe450 mode 2
Event: 694.192 Thread 0x0000022bb9dd79c0 Uncommon trap: trap_request=0xffffff45 fr.pc=0x0000022bab7376a0 relative=0x00000000000077a0
Event: 694.192 Thread 0x0000022bb9dd79c0 Uncommon trap: reason=unstable_if action=reinterpret pc=0x0000022bab7376a0 method=org.eclipse.jdt.internal.core.NameLookup.acceptType(Lorg/eclipse/jdt/core/IType;IZ)Z @ 57 c2
Event: 694.192 Thread 0x0000022bb9dd79c0 DEOPT PACKING pc=0x0000022bab7376a0 sp=0x00000096d5ffd4c0
Event: 694.193 Thread 0x0000022bb9dd79c0 DEOPT UNPACKING pc=0x0000022baa53669d sp=0x00000096d5ffd428 mode 2
Event: 694.193 Thread 0x0000022bb9dd79c0 Uncommon trap: trap_request=0xffffff45 fr.pc=0x0000022bab73f284 relative=0x0000000000000104
Event: 694.193 Thread 0x0000022bb9dd79c0 Uncommon trap: reason=unstable_if action=reinterpret pc=0x0000022bab73f284 method=org.eclipse.jdt.internal.core.NameLookup.acceptType(Lorg/eclipse/jdt/core/IType;IZ)Z @ 57 c2
Event: 694.193 Thread 0x0000022bb9dd79c0 DEOPT PACKING pc=0x0000022bab73f284 sp=0x00000096d5ffd480
Event: 694.193 Thread 0x0000022bb9dd79c0 DEOPT UNPACKING pc=0x0000022baa53669d sp=0x00000096d5ffd418 mode 2
Event: 723.182 Thread 0x0000022bb6a2e790 Uncommon trap: trap_request=0xffffffd6 fr.pc=0x0000022bab2c6f94 relative=0x0000000000001374
Event: 723.182 Thread 0x0000022bb6a2e790 Uncommon trap: reason=array_check action=maybe_recompile pc=0x0000022bab2c6f94 method=org.eclipse.jdt.internal.compiler.util.SortedCharArrays.insertIntoArray([Ljava/lang/Object;[Ljava/lang/Object;Ljava/lang/Object;II)[Ljava/lang/Object; @ 51 c2
Event: 723.182 Thread 0x0000022bb6a2e790 DEOPT PACKING pc=0x0000022bab2c6f94 sp=0x00000096d60fe210
Event: 723.182 Thread 0x0000022bb6a2e790 DEOPT UNPACKING pc=0x0000022baa53669d sp=0x00000096d60fe050 mode 2
Event: 733.573 Thread 0x0000022bb9e3d070 Uncommon trap: trap_request=0xffffffd6 fr.pc=0x0000022bab2c6f94 relative=0x0000000000001374
Event: 733.573 Thread 0x0000022bb9e3d070 Uncommon trap: reason=array_check action=maybe_recompile pc=0x0000022bab2c6f94 method=org.eclipse.jdt.internal.compiler.util.SortedCharArrays.insertIntoArray([Ljava/lang/Object;[Ljava/lang/Object;Ljava/lang/Object;II)[Ljava/lang/Object; @ 51 c2
Event: 733.573 Thread 0x0000022bb9e3d070 DEOPT PACKING pc=0x0000022bab2c6f94 sp=0x00000096d41fe450
Event: 733.573 Thread 0x0000022bb9e3d070 DEOPT UNPACKING pc=0x0000022baa53669d sp=0x00000096d41fe290 mode 2
Event: 734.500 Thread 0x0000022bb9e3aec0 DEOPT PACKING pc=0x0000022ba3f2accf sp=0x00000096d40fe1c0
Event: 734.500 Thread 0x0000022bb9e3aec0 DEOPT UNPACKING pc=0x0000022baa536e24 sp=0x00000096d40fd690 mode 0

Classes unloaded (7 events):
Event: 7.223 Thread 0x0000022b9e2ed810 Unloading class 0x0000000100216400 'java/lang/invoke/LambdaForm$MH+0x0000000100216400'
Event: 7.223 Thread 0x0000022b9e2ed810 Unloading class 0x0000000100216000 'java/lang/invoke/LambdaForm$MH+0x0000000100216000'
Event: 7.223 Thread 0x0000022b9e2ed810 Unloading class 0x0000000100215c00 'java/lang/invoke/LambdaForm$MH+0x0000000100215c00'
Event: 7.223 Thread 0x0000022b9e2ed810 Unloading class 0x0000000100215800 'java/lang/invoke/LambdaForm$MH+0x0000000100215800'
Event: 7.223 Thread 0x0000022b9e2ed810 Unloading class 0x0000000100215000 'java/lang/invoke/LambdaForm$BMH+0x0000000100215000'
Event: 7.223 Thread 0x0000022b9e2ed810 Unloading class 0x0000000100214c00 'java/lang/invoke/LambdaForm$DMH+0x0000000100214c00'
Event: 7.223 Thread 0x0000022b9e2ed810 Unloading class 0x0000000100212000 'java/lang/invoke/LambdaForm$DMH+0x0000000100212000'

Classes redefined (0 events):
No events

Internal exceptions (20 events):
Event: 732.732 Thread 0x0000022bb6a2cf80 Exception <a 'java/lang/NullPointerException'{0x00000000eac00e30}> (0x00000000eac00e30) 
thrown [s\src\hotspot\share\runtime\sharedRuntime.cpp, line 628]
Event: 732.735 Thread 0x0000022bb6a2cf80 Implicit null exception at 0x0000022ba46b80f6 to 0x0000022ba46b877d
Event: 732.735 Thread 0x0000022bb6a2cf80 Exception <a 'java/lang/NullPointerException'{0x00000000eacc1d40}> (0x00000000eacc1d40) 
thrown [s\src\hotspot\share\runtime\sharedRuntime.cpp, line 628]
Event: 733.256 Thread 0x0000022bb6a2d920 Exception <a 'sun/nio/fs/WindowsException'{0x00000000eabe5680}> (0x00000000eabe5680) 
thrown [s\src\hotspot\share\prims\jni.cpp, line 516]
Event: 733.775 Thread 0x0000022bb6a2d920 Exception <a 'sun/nio/fs/WindowsException'{0x00000000ead1a570}> (0x00000000ead1a570) 
thrown [s\src\hotspot\share\prims\jni.cpp, line 516]
Event: 734.063 Thread 0x0000022bbc97d160 Exception <a 'java/lang/ClassNotFoundException'{0x00000000eabf1c40}: sun/net/www/protocol/jdt/Handler> (0x00000000eabf1c40) 
thrown [s\src\hotspot\share\classfile\systemDictionary.cpp, line 256]
Event: 734.543 Thread 0x0000022bb9e3aec0 Implicit null exception at 0x0000022ba46b80f6 to 0x0000022ba46b877d
Event: 734.543 Thread 0x0000022bb9e3aec0 Exception <a 'java/lang/NullPointerException'{0x00000000eac415b0}> (0x00000000eac415b0) 
thrown [s\src\hotspot\share\runtime\sharedRuntime.cpp, line 628]
Event: 734.550 Thread 0x0000022bb9e3aec0 Implicit null exception at 0x0000022ba46b80f6 to 0x0000022ba46b877d
Event: 734.550 Thread 0x0000022bb9e3aec0 Exception <a 'java/lang/NullPointerException'{0x00000000ead14cb8}> (0x00000000ead14cb8) 
thrown [s\src\hotspot\share\runtime\sharedRuntime.cpp, line 628]
Event: 734.559 Thread 0x0000022bb9e3aec0 Implicit null exception at 0x0000022ba46b80f6 to 0x0000022ba46b877d
Event: 734.559 Thread 0x0000022bb9e3aec0 Exception <a 'java/lang/NullPointerException'{0x00000000eab56a70}> (0x00000000eab56a70) 
thrown [s\src\hotspot\share\runtime\sharedRuntime.cpp, line 628]
Event: 735.112 Thread 0x0000022bb6a2d920 Exception <a 'sun/nio/fs/WindowsException'{0x00000000eacec2f8}> (0x00000000eacec2f8) 
thrown [s\src\hotspot\share\prims\jni.cpp, line 516]
Event: 735.223 Thread 0x0000022bb6a2d920 Exception <a 'sun/nio/fs/WindowsException'{0x00000000eab5b238}> (0x00000000eab5b238) 
thrown [s\src\hotspot\share\prims\jni.cpp, line 516]
Event: 736.258 Thread 0x0000022bb6a2cf80 Implicit null exception at 0x0000022ba46b80f6 to 0x0000022ba46b877d
Event: 736.258 Thread 0x0000022bb6a2cf80 Exception <a 'java/lang/NullPointerException'{0x00000000eaedf878}> (0x00000000eaedf878) 
thrown [s\src\hotspot\share\runtime\sharedRuntime.cpp, line 628]
Event: 736.267 Thread 0x0000022bb6a2cf80 Implicit null exception at 0x0000022ba46b80f6 to 0x0000022ba46b877d
Event: 736.267 Thread 0x0000022bb6a2cf80 Exception <a 'java/lang/NullPointerException'{0x00000000eabb2628}> (0x00000000eabb2628) 
thrown [s\src\hotspot\share\runtime\sharedRuntime.cpp, line 628]
Event: 736.272 Thread 0x0000022bb6a2cf80 Implicit null exception at 0x0000022ba46b80f6 to 0x0000022ba46b877d
Event: 736.272 Thread 0x0000022bb6a2cf80 Exception <a 'java/lang/NullPointerException'{0x00000000eac723a8}> (0x00000000eac723a8) 
thrown [s\src\hotspot\share\runtime\sharedRuntime.cpp, line 628]

VM Operations (20 events):
Event: 739.367 Executing VM operation: ParallelGCFailedAllocation
Event: 739.368 Executing VM operation: ParallelGCFailedAllocation done
Event: 739.383 Executing VM operation: ParallelGCFailedAllocation
Event: 739.385 Executing VM operation: ParallelGCFailedAllocation done
Event: 739.395 Executing VM operation: ParallelGCFailedAllocation
Event: 739.397 Executing VM operation: ParallelGCFailedAllocation done
Event: 739.408 Executing VM operation: ParallelGCFailedAllocation
Event: 739.410 Executing VM operation: ParallelGCFailedAllocation done
Event: 739.424 Executing VM operation: ParallelGCFailedAllocation
Event: 739.426 Executing VM operation: ParallelGCFailedAllocation done
Event: 739.442 Executing VM operation: ParallelGCFailedAllocation
Event: 739.444 Executing VM operation: ParallelGCFailedAllocation done
Event: 739.458 Executing VM operation: ParallelGCFailedAllocation
Event: 739.459 Executing VM operation: ParallelGCFailedAllocation done
Event: 739.478 Executing VM operation: ParallelGCFailedAllocation
Event: 739.479 Executing VM operation: ParallelGCFailedAllocation done
Event: 739.490 Executing VM operation: ParallelGCFailedAllocation
Event: 739.492 Executing VM operation: ParallelGCFailedAllocation done
Event: 739.511 Executing VM operation: ParallelGCFailedAllocation
Event: 739.512 Executing VM operation: ParallelGCFailedAllocation done

Events (20 events):
Event: 680.071 Thread 0x0000022bbc97dfd0 Thread exited: 0x0000022bbc97dfd0
Event: 680.071 Thread 0x0000022bbc983670 Thread exited: 0x0000022bbc983670
Event: 683.229 Thread 0x0000022bbc97dfd0 Thread added: 0x0000022bbc97dfd0
Event: 683.254 Thread 0x0000022bbc97dfd0 Thread exited: 0x0000022bbc97dfd0
Event: 688.508 Thread 0x0000022bbc981e60 Thread added: 0x0000022bbc981e60
Event: 688.513 Thread 0x0000022bbc981e60 Thread exited: 0x0000022bbc981e60
Event: 697.114 Thread 0x0000022bb63ea280 Thread added: 0x0000022bb63ea280
Event: 702.262 Thread 0x0000022bb63ea280 Thread exited: 0x0000022bb63ea280
Event: 721.117 Thread 0x0000022bbc983b40 Thread added: 0x0000022bbc983b40
Event: 721.159 Thread 0x0000022bbc983b40 Thread exited: 0x0000022bbc983b40
Event: 723.185 Thread 0x0000022bbc984010 Thread added: 0x0000022bbc984010
Event: 723.190 Thread 0x0000022bbc984010 Thread exited: 0x0000022bbc984010
Event: 730.624 Thread 0x0000022bb41ad340 flushing nmethod 0x0000022ba3eb3090
Event: 730.626 Thread 0x0000022bb41ad340 flushing nmethod 0x0000022ba400ee10
Event: 730.628 Thread 0x0000022bb41ad340 flushing nmethod 0x0000022ba42f7810
Event: 733.575 Thread 0x0000022bbc97f7e0 Thread added: 0x0000022bbc97f7e0
Event: 733.581 Thread 0x0000022bbc97f7e0 Thread exited: 0x0000022bbc97f7e0
Event: 733.799 Thread 0x0000022bbc97d160 Thread added: 0x0000022bbc97d160
Event: 735.682 Thread 0x0000022bbc97f7e0 Thread added: 0x0000022bbc97f7e0
Event: 735.687 Thread 0x0000022bbc97f7e0 Thread exited: 0x0000022bbc97f7e0


Dynamic libraries:
0x00007ff700560000 - 0x00007ff70056e000 	c:\Users\Carla\.vscode\extensions\redhat.java-1.15.0-win32-x64\jre\17.0.6-win32-x86_64\bin\java.exe
0x00007fffd04a0000 - 0x00007fffd06a9000 	C:\WINDOWS\SYSTEM32\ntdll.dll
0x00007fffcf460000 - 0x00007fffcf51e000 	C:\WINDOWS\System32\KERNEL32.DLL
0x00007fffcdc30000 - 0x00007fffcdfac000 	C:\WINDOWS\System32\KERNELBASE.dll
0x00007fffcd9f0000 - 0x00007fffcdb01000 	C:\WINDOWS\System32\ucrtbase.dll
0x00007fffba130000 - 0x00007fffba147000 	c:\Users\Carla\.vscode\extensions\redhat.java-1.15.0-win32-x64\jre\17.0.6-win32-x86_64\bin\jli.dll
0x00007fffcee30000 - 0x00007fffcefdd000 	C:\WINDOWS\System32\USER32.dll
0x00007fffce0e0000 - 0x00007fffce106000 	C:\WINDOWS\System32\win32u.dll
0x00007fffcf6e0000 - 0x00007fffcf709000 	C:\WINDOWS\System32\GDI32.dll
0x00007fffcdb10000 - 0x00007fffcdc28000 	C:\WINDOWS\System32\gdi32full.dll
0x00007fffce110000 - 0x00007fffce1ad000 	C:\WINDOWS\System32\msvcp_win.dll
0x00007fffafcc0000 - 0x00007fffaff65000 	C:\WINDOWS\WinSxS\amd64_microsoft.windows.common-controls_6595b64144ccf1df_6.0.22000.120_none_9d947278b86cc467\COMCTL32.dll
0x00007fffce320000 - 0x00007fffce3c3000 	C:\WINDOWS\System32\msvcrt.dll
0x00007fffba110000 - 0x00007fffba129000 	c:\Users\Carla\.vscode\extensions\redhat.java-1.15.0-win32-x64\jre\17.0.6-win32-x86_64\bin\VCRUNTIME140.dll
0x00007fffd02b0000 - 0x00007fffd02e2000 	C:\WINDOWS\System32\IMM32.DLL
0x00007fffc59a0000 - 0x00007fffc59ac000 	c:\Users\Carla\.vscode\extensions\redhat.java-1.15.0-win32-x64\jre\17.0.6-win32-x86_64\bin\vcruntime140_1.dll
0x00007fff8aa50000 - 0x00007fff8aae1000 	c:\Users\Carla\.vscode\extensions\redhat.java-1.15.0-win32-x64\jre\17.0.6-win32-x86_64\bin\msvcp140.dll
0x00007fff80260000 - 0x00007fff80ea7000 	c:\Users\Carla\.vscode\extensions\redhat.java-1.15.0-win32-x64\jre\17.0.6-win32-x86_64\bin\server\jvm.dll
0x00007fffd03b0000 - 0x00007fffd045e000 	C:\WINDOWS\System32\ADVAPI32.dll
0x00007fffce720000 - 0x00007fffce7be000 	C:\WINDOWS\System32\sechost.dll
0x00007fffcf720000 - 0x00007fffcf840000 	C:\WINDOWS\System32\RPCRT4.dll
0x00007fffbfa90000 - 0x00007fffbfac3000 	C:\WINDOWS\SYSTEM32\WINMM.dll
0x00007fffbc0d0000 - 0x00007fffbc0da000 	C:\WINDOWS\SYSTEM32\VERSION.dll
0x00007fffc5980000 - 0x00007fffc5989000 	C:\WINDOWS\SYSTEM32\WSOCK32.dll
0x00007fffced50000 - 0x00007fffcedbf000 	C:\WINDOWS\System32\WS2_32.dll
0x00007fffcca60000 - 0x00007fffcca78000 	C:\WINDOWS\SYSTEM32\kernel.appcore.dll
0x00007fffc1860000 - 0x00007fffc186a000 	c:\Users\Carla\.vscode\extensions\redhat.java-1.15.0-win32-x64\jre\17.0.6-win32-x86_64\bin\jimage.dll
0x00007fffcb390000 - 0x00007fffcb5b1000 	C:\WINDOWS\SYSTEM32\DBGHELP.DLL
0x00007fffb0b00000 - 0x00007fffb0b31000 	C:\WINDOWS\SYSTEM32\dbgcore.DLL
0x00007fffcd970000 - 0x00007fffcd9ef000 	C:\WINDOWS\System32\bcryptPrimitives.dll
0x00007fffbb240000 - 0x00007fffbb24e000 	c:\Users\Carla\.vscode\extensions\redhat.java-1.15.0-win32-x64\jre\17.0.6-win32-x86_64\bin\instrument.dll
0x00007fffb9fd0000 - 0x00007fffb9ff5000 	c:\Users\Carla\.vscode\extensions\redhat.java-1.15.0-win32-x64\jre\17.0.6-win32-x86_64\bin\java.dll
0x00007fffb9fb0000 - 0x00007fffb9fc8000 	c:\Users\Carla\.vscode\extensions\redhat.java-1.15.0-win32-x64\jre\17.0.6-win32-x86_64\bin\zip.dll
0x00007fffcf9f0000 - 0x00007fffd01b5000 	C:\WINDOWS\System32\SHELL32.dll
0x00007fffcba60000 - 0x00007fffcc2c5000 	C:\WINDOWS\SYSTEM32\windows.storage.dll
0x00007fffce7c0000 - 0x00007fffceb38000 	C:\WINDOWS\System32\combase.dll
0x00007fffcb8f0000 - 0x00007fffcba56000 	C:\WINDOWS\SYSTEM32\wintypes.dll
0x00007fffceb40000 - 0x00007fffcec2a000 	C:\WINDOWS\System32\SHCORE.dll
0x00007fffcf990000 - 0x00007fffcf9ed000 	C:\WINDOWS\System32\shlwapi.dll
0x00007fffcd8a0000 - 0x00007fffcd8c1000 	C:\WINDOWS\SYSTEM32\profapi.dll
0x00007fffb8d10000 - 0x00007fffb8d29000 	C:\Users\Carla\.vscode\extensions\redhat.java-1.15.0-win32-x64\jre\17.0.6-win32-x86_64\bin\net.dll
0x00007fffc1e80000 - 0x00007fffc1f94000 	C:\WINDOWS\SYSTEM32\WINHTTP.dll
0x00007fffccf00000 - 0x00007fffccf67000 	C:\WINDOWS\system32\mswsock.dll
0x00007fffb3cb0000 - 0x00007fffb3cc5000 	C:\Users\Carla\.vscode\extensions\redhat.java-1.15.0-win32-x64\jre\17.0.6-win32-x86_64\bin\nio.dll
0x00007fffba100000 - 0x00007fffba110000 	c:\Users\Carla\.vscode\extensions\redhat.java-1.15.0-win32-x64\jre\17.0.6-win32-x86_64\bin\verify.dll
0x00007fffa4090000 - 0x00007fffa40ce000 	C:\Users\Carla\AppData\Roaming\Code\User\globalStorage\redhat.java\1.15.0\config_win\org.eclipse.equinox.launcher\org.eclipse.equinox.launcher.win32.win32.x86_64_1.2.700.v20221108-1024\eclipse_11801.dll
0x00007fffce520000 - 0x00007fffce6ba000 	C:\WINDOWS\System32\ole32.dll
0x00007fffcd140000 - 0x00007fffcd158000 	C:\WINDOWS\SYSTEM32\CRYPTSP.dll
0x00007fffcc9c0000 - 0x00007fffcc9f5000 	C:\WINDOWS\system32\rsaenh.dll
0x00007fffccff0000 - 0x00007fffcd019000 	C:\WINDOWS\SYSTEM32\USERENV.dll
0x00007fffcd350000 - 0x00007fffcd377000 	C:\WINDOWS\SYSTEM32\bcrypt.dll
0x00007fffcd1b0000 - 0x00007fffcd1bc000 	C:\WINDOWS\SYSTEM32\CRYPTBASE.dll
0x00007fffcc5b0000 - 0x00007fffcc5dd000 	C:\WINDOWS\SYSTEM32\IPHLPAPI.DLL
0x00007fffcf710000 - 0x00007fffcf719000 	C:\WINDOWS\System32\NSI.dll
0x00007fffc1e60000 - 0x00007fffc1e79000 	C:\WINDOWS\SYSTEM32\dhcpcsvc6.DLL
0x00007fffc20c0000 - 0x00007fffc20de000 	C:\WINDOWS\SYSTEM32\dhcpcsvc.DLL
0x00007fffcc5e0000 - 0x00007fffcc6c8000 	C:\WINDOWS\SYSTEM32\DNSAPI.dll
0x00007fff9bb50000 - 0x00007fff9bb95000 	C:\Users\Carla\AppData\Local\Temp\jna-64878633\jna758142207871689543.dll
0x00007fffcf450000 - 0x00007fffcf458000 	C:\WINDOWS\System32\PSAPI.DLL

dbghelp: loaded successfully - version: 4.0.5 - missing functions: none
symbol engine: initialized successfully - sym options: 0x614 - pdb path: .;c:\Users\Carla\.vscode\extensions\redhat.java-1.15.0-win32-x64\jre\17.0.6-win32-x86_64\bin;C:\WINDOWS\SYSTEM32;C:\WINDOWS\WinSxS\amd64_microsoft.windows.common-controls_6595b64144ccf1df_6.0.22000.120_none_9d947278b86cc467;c:\Users\Carla\.vscode\extensions\redhat.java-1.15.0-win32-x64\jre\17.0.6-win32-x86_64\bin\server;C:\Users\Carla\AppData\Roaming\Code\User\globalStorage\redhat.java\1.15.0\config_win\org.eclipse.equinox.launcher\org.eclipse.equinox.launcher.win32.win32.x86_64_1.2.700.v20221108-1024;C:\Users\Carla\AppData\Local\Temp\jna-64878633

VM Arguments:
jvm_args: --add-modules=ALL-SYSTEM --add-opens=java.base/java.util=ALL-UNNAMED --add-opens=java.base/java.lang=ALL-UNNAMED --add-opens=java.base/sun.nio.fs=ALL-UNNAMED -Declipse.application=org.eclipse.jdt.ls.core.id1 -Dosgi.bundles.defaultStartLevel=4 -Declipse.product=org.eclipse.jdt.ls.core.product -Djava.import.generatesMetadataFilesAtProjectRoot=false -Dfile.encoding=utf8 -XX:+UseParallelGC -XX:GCTimeRatio=4 -XX:AdaptiveSizePolicyWeight=90 -Dsun.zip.disableMemoryMapping=true -Xmx1G -Xms100m -Xlog:disable -javaagent:c:\Users\Carla\.vscode\extensions\redhat.java-1.15.0-win32-x64\lombok\lombok-1.18.24.jar -XX:+HeapDumpOnOutOfMemoryError -XX:HeapDumpPath=c:\Users\Carla\AppData\Roaming\Code\User\workspaceStorage\4372a8fec783f0c06e941303ea2ce100\redhat.java 
java_command: c:\Users\Carla\.vscode\extensions\redhat.java-1.15.0-win32-x64\server\plugins\org.eclipse.equinox.launcher_1.6.400.v20210924-0641.jar -configuration c:\Users\Carla\AppData\Roaming\Code\User\globalStorage\redhat.java\1.15.0\config_win -data c:\Users\Carla\AppData\Roaming\Code\User\workspaceStorage\4372a8fec783f0c06e941303ea2ce100\redhat.java\jdt_ws
java_class_path (initial): c:\Users\Carla\.vscode\extensions\redhat.java-1.15.0-win32-x64\server\plugins\org.eclipse.equinox.launcher_1.6.400.v20210924-0641.jar
Launcher Type: SUN_STANDARD

[Global flags]
    uintx AdaptiveSizePolicyWeight                 = 90                                        {product} {command line}
     intx CICompilerCount                          = 3                                         {product} {ergonomic}
    uintx GCTimeRatio                              = 4                                         {product} {command line}
     bool HeapDumpOnOutOfMemoryError               = true                                   {manageable} {command line}
    ccstr HeapDumpPath                             = c:\Users\Carla\AppData\Roaming\Code\User\workspaceStorage\4372a8fec783f0c06e941303ea2ce100\redhat.java         {manageable} {command line}
   size_t InitialHeapSize                          = 104857600                                 {product} {command line}
   size_t MaxHeapSize                              = 1073741824                                {product} {command line}
   size_t MaxNewSize                               = 357564416                                 {product} {ergonomic}
   size_t MinHeapDeltaBytes                        = 524288                                    {product} {ergonomic}
   size_t MinHeapSize                              = 104857600                                 {product} {command line}
   size_t NewSize                                  = 34603008                                  {product} {ergonomic}
    uintx NonNMethodCodeHeapSize                   = 5832780                                {pd product} {ergonomic}
    uintx NonProfiledCodeHeapSize                  = 122912730                              {pd product} {ergonomic}
   size_t OldSize                                  = 70254592                                  {product} {ergonomic}
    uintx ProfiledCodeHeapSize                     = 122912730                              {pd product} {ergonomic}
    uintx ReservedCodeCacheSize                    = 251658240                              {pd product} {ergonomic}
     bool SegmentedCodeCache                       = true                                      {product} {ergonomic}
   size_t SoftMaxHeapSize                          = 1073741824                             {manageable} {ergonomic}
     bool UseCompressedClassPointers               = true                           {product lp64_product} {ergonomic}
     bool UseCompressedOops                        = true                           {product lp64_product} {ergonomic}
     bool UseLargePagesIndividualAllocation        = false                                  {pd product} {ergonomic}
     bool UseParallelGC                            = true                                      {product} {command line}

Logging:
Log output configuration:
 #0: stdout all=off uptime,level,tags
 #1: stderr all=off uptime,level,tags

Environment Variables:
JAVA_HOME=C:\Program Files\Microsoft\jdk-17.0.6.10-hotspot\
PATH=C:\Program Files\Microsoft\jdk-17.0.6.10-hotspot\bin;C:\WINDOWS\system32;C:\WINDOWS;C:\WINDOWS\System32\Wbem;C:\WINDOWS\System32\WindowsPowerShell\v1.0\;C:\WINDOWS\System32\OpenSSH\;C:\Program Files\nodejs\;C:\Users\Carla\AppData\Local\Microsoft\WindowsApps;;C:\Users\Carla\AppData\Local\Programs\Microsoft VS Code\bin;C:\Users\Carla\AppData\Roaming\npm
USERNAME=Carla
OS=Windows_NT
PROCESSOR_IDENTIFIER=Intel64 Family 6 Model 138 Stepping 1, GenuineIntel
TMP=C:\Users\Carla\AppData\Local\Temp
TEMP=C:\Users\Carla\AppData\Local\Temp



---------------  S Y S T E M  ---------------

OS:
 Windows 11 , 64 bit Build 22000 (10.0.22000.1516)
OS uptime: 5 days 6:40 hours

CPU: total 5 (initial active 5) (5 cores per cpu, 1 threads per core) family 6 model 138 stepping 1 microcode 0x28, cx8, cmov, fxsr, mmx, 3dnowpref, sse, sse2, sse3, ssse3, sse4.1, sse4.2, popcnt, tsc, tscinvbit, aes, erms, clmul, sha, clflush, clflushopt, clwb

Memory: 4k page, system-wide physical 7992M (2554M free)
TotalPageFile size 9912M (AvailPageFile size 1466M)
current process WorkingSet (physical memory assigned to process): 439M, peak: 454M
current process commit charge ("private bytes"): 439M, peak: 475M

vm_info: OpenJDK 64-Bit Server VM (17.0.6+10) for windows-amd64 JRE (17.0.6+10), built on Jan 18 2023 10:08:59 by "temurin" with MS VC++ 16.7 (VS2019)

END.
